<?xml version="1.0" encoding="UTF-8"?>
<testng-results ignored="0" total="1" passed="1" failed="0" skipped="0">
  <reporter-output>
  </reporter-output>
  <suite started-at="2024-07-09T01:26:46 IST" name="Default suite" finished-at="2024-07-09T01:26:55 IST" duration-ms="8712">
    <groups>
    </groups>
    <test started-at="2024-07-09T01:26:46 IST" name="Default test" finished-at="2024-07-09T01:26:55 IST" duration-ms="8712">
      <class name="com.sauce.tests.ProductCheckoutTest">
        <test-method is-config="true" signature="setup()[pri:0, instance:com.sauce.tests.ProductCheckoutTest@45d84a20]" started-at="2024-07-09T01:26:46 IST" name="setup" finished-at="2024-07-09T01:26:49 IST" duration-ms="2793" status="PASS">
          <reporter-output>
          </reporter-output>
        </test-method> <!-- setup -->
        <test-method signature="testCheckout(java.lang.String,java.lang.String,java.lang.String)[pri:0, instance:com.sauce.tests.ProductCheckoutTest@45d84a20]" started-at="2024-07-09T01:26:49 IST" name="testCheckout" data-provider="loginData" finished-at="2024-07-09T01:26:55 IST" duration-ms="5867" status="PASS">
          <params>
            <param index="0">
              <value>
                <![CDATA[standard_user]]>
              </value>
            </param>
            <param index="1">
              <value>
                <![CDATA[secret_sauce]]>
              </value>
            </param>
            <param index="2">
              <value>
                <![CDATA[Products]]>
              </value>
            </param>
          </params>
          <reporter-output>
          </reporter-output>
        </test-method> <!-- testCheckout -->
        <test-method is-config="true" signature="teardown()[pri:0, instance:com.sauce.tests.ProductCheckoutTest@45d84a20]" started-at="2024-07-09T01:26:55 IST" name="teardown" finished-at="2024-07-09T01:26:55 IST" duration-ms="0" status="PASS">
          <reporter-output>
          </reporter-output>
        </test-method> <!-- teardown -->
      </class> <!-- com.sauce.tests.ProductCheckoutTest -->
    </test> <!-- Default test -->
  </suite> <!-- Default suite -->
</testng-results>
